<?xml version="1.0" encoding="UTF-8"?>
<!-- Generated by org.testng.reporters.JUnitReportReporter -->
<testsuite hostname="DESKTOP-PG3K8RC" failures="0" tests="1" name="config.BaseDriver" time="0.010" errors="0" timestamp="2022-08-13T18:06:45 IST" skipped="0">
  <testcase classname="config.BaseDriver" name="setupEnvironment" time="0.010"/>
  <system-out/>
</testsuite> <!-- config.BaseDriver -->
